
> type-check
> tsc --noEmit

src/components/auth/LoginForm.tsx(9,8): error TS6133: 'router' is declared but its value is never read.
src/components/dashboard/DashboardSidebar.tsx(130,27): error TS6133: 'authLoading' is declared but its value is never read.
src/components/dashboard/DashboardSidebar.tsx(154,52): error TS2339: Property 'isFavorite' does not exist on type 'Task'.
src/components/dashboard/DashboardSidebar.tsx(160,9): error TS2339: Property 'description' does not exist on type 'Task'.
src/components/dashboard/DashboardSidebar.tsx(256,9): error TS2339: Property 'description' does not exist on type 'Task'.
src/components/dashboard/DashboardSidebar.tsx(283,27): error TS2353: Object literal may only specify known properties, and 'isFavorite' does not exist in type 'Partial<Task>'.
src/components/dashboard/DashboardSidebar.tsx(294,5): error TS2561: Object literal may only specify known properties, but 'completedAt' does not exist in type 'Partial<Task>'. Did you mean to write 'completed'?
src/components/dashboard/DashboardSidebar.tsx(375,33): error TS2339: Property 'avatar' does not exist on type 'User'.
src/components/dashboard/DashboardSidebar.tsx(515,17): error TS2339: Property 'isShared' does not exist on type 'Project'.
src/components/dashboard/DashboardSidebar.tsx(739,33): error TS2339: Property 'avatar' does not exist on type 'User'.
src/components/dashboard/DashboardSidebar.tsx(794,33): error TS2339: Property 'avatar' does not exist on type 'User'.
src/components/dashboard/DashboardSidebar.tsx(875,35): error TS2339: Property 'avatar' does not exist on type 'User'.
src/components/dashboard/DashboardSidebar.tsx(1172,25): error TS2339: Property 'isFavorite' does not exist on type 'Task'.
src/components/dashboard/DashboardSidebar.tsx(1215,22): error TS2339: Property 'description' does not exist on type 'Task'.
src/components/dashboard/DashboardSidebar.tsx(1217,24): error TS2339: Property 'description' does not exist on type 'Task'.
src/components/dashboard/DashboardSidebar.tsx(1380,38): error TS2339: Property 'archivedAt' does not exist on type 'Task'.
src/components/dashboard/DashboardSidebar.tsx(1381,29): error TS2339: Property 'archivedAt' does not exist on type 'Task'.
src/components/dashboard/DashboardSidebar.tsx(1431,22): error TS2339: Property 'description' does not exist on type 'Task'.
src/components/dashboard/DashboardSidebar.tsx(1433,24): error TS2339: Property 'description' does not exist on type 'Task'.
src/components/dashboard/DashboardSidebar.tsx(1580,37): error TS2339: Property 'deletedAt' does not exist on type 'Task'.
src/components/dashboard/DashboardSidebar.tsx(1581,29): error TS2339: Property 'deletedAt' does not exist on type 'Task'.
src/components/dashboard/DashboardSidebar.tsx(1615,22): error TS2339: Property 'description' does not exist on type 'Task'.
src/components/dashboard/DashboardSidebar.tsx(1617,24): error TS2339: Property 'description' does not exist on type 'Task'.
src/components/shared/ModeToggle.tsx(3,1): error TS6133: 'React' is declared but its value is never read.
src/components/tasks/TaskList.tsx(3,10): error TS6133: 'Task' is declared but its value is never read.
src/components/tasks/TaskList.tsx(8,2): error TS6133: 'Hash' is declared but its value is never read.
src/components/tasks/TaskList.tsx(9,2): error TS6133: 'Tag' is declared but its value is never read.
src/components/tasks/TaskList.tsx(10,2): error TS6133: 'Calendar' is declared but its value is never read.
src/components/tasks/TaskList.tsx(171,8): error TS7053: Element implicitly has an 'any' type because expression of type 'any' can't be used to index type '{ high: number; medium: number; low: number; none: number; }'.
src/components/tasks/TaskList.tsx(171,36): error TS7053: Element implicitly has an 'any' type because expression of type 'any' can't be used to index type '{ high: number; medium: number; low: number; none: number; }'.
